1723139125648	geckodriver	INFO	Listening on 127.0.0.1:51485
1723139128734	mozrunner::runner	INFO	Running command: "C:\\Program Files\\Mozilla Firefox\\firefox.exe" "--marionette" "--remote-debugging-port" "51486" "--remote-allow-hosts" "localhost" "-no-remote" "-profile" "C:\\Users\\SEVENP~1\\AppData\\Local\\Temp\\rust_mozprofileVppG3T"
console.warn: services.settings: Ignoring preference override of remote settings server
console.warn: services.settings: Allow by setting MOZ_REMOTE_SETTINGS_DEVTOOLS=1 in the environment
Dynamically enable window occlusion 0
1723139129394	Marionette	INFO	Marionette enabled
1723139129618	Marionette	INFO	Listening on port 51493
WebDriver BiDi listening on ws://127.0.0.1:51486
Read port: 51493
1723139129886	RemoteAgent	WARN	TLS certificate errors will be ignored for this session
DevTools listening on ws://127.0.0.1:51486/devtools/browser/0629c852-87a6-4421-8f08-102647181693
JavaScript warning: https://www.amazon.com.br/, line 1995: WEBGL_debug_renderer_info is deprecated in Firefox and will be removed. Please use RENDERER.
JavaScript warning: https://www.amazon.com.br/Eletronicos-e-Tecnologia/b/?ie=UTF8&node=16209062011&ref_=nav_cs_electronics, line 8531: WEBGL_debug_renderer_info is deprecated in Firefox and will be removed. Please use RENDERER.
1723139139836	Marionette	INFO	Stopped listening on port 51493
JavaScript warning: https://ff.kis.v2.scr.kaspersky-labs.com/FD126C42-EBFA-4E12-B309-BB3FDD723AC1/main.js?attr=qd6Oq0ahqASBpKJkn7anuXN7kOeROynNbh4UNYZdQokkO0TOBbPnCtpO3TLF3iq4V3ykGNqsqdoxni3ZhFHfMi3JbwRdcpeKgpdj61EgR658M_2mFSmRmeDL6uquzL7vgctAnXekCuoFoVPOe17ohMMeImXOOjf_h-Jmm7AaPaw, line 2850: Script terminated by timeout at:
CalculateNewProcessedItemsBySelector@https://ff.kis.v2.scr.kaspersky-labs.com/FD126C42-EBFA-4E12-B309-BB3FDD723AC1/main.js?attr=qd6Oq0ahqASBpKJkn7anuXN7kOeROynNbh4UNYZdQokkO0TOBbPnCtpO3TLF3iq4V3ykGNqsqdoxni3ZhFHfMi3JbwRdcpeKgpdj61EgR658M_2mFSmRmeDL6uquzL7vgctAnXekCuoFoVPOe17ohMMeImXOOjf_h-Jmm7AaPaw:2850:9
DeferredProcessCssRules@https://ff.kis.v2.scr.kaspersky-labs.com/FD126C42-EBFA-4E12-B309-BB3FDD723AC1/main.js?attr=qd6Oq0ahqASBpKJkn7anuXN7kOeROynNbh4UNYZdQokkO0TOBbPnCtpO3TLF3iq4V3ykGNqsqdoxni3ZhFHfMi3JbwRdcpeKgpdj61EgR658M_2mFSmRmeDL6uquzL7vgctAnXekCuoFoVPOe17ohMMeImXOOjf_h-Jmm7AaPaw:2855:36
GetDeferredHandlerImpl@https://ff.kis.v2.scr.kaspersky-labs.com/FD126C42-EBFA-4E12-B309-BB3FDD723AC1/main.js?attr=qd6Oq0ahqASBpKJkn7anuXN7kOeROynNbh4UNYZdQokkO0TOBbPnCtpO3TLF3iq4V3ykGNqsqdoxni3ZhFHfMi3JbwRdcpeKgpdj61EgR658M_2mFSmRmeDL6uquzL7vgctAnXekCuoFoVPOe17ohMMeImXOOjf_h-Jmm7AaPaw:2865:79
TimerCallback@https://ff.kis.v2.scr.kaspersky-labs.com/FD126C42-EBFA-4E12-B309-BB3FDD723AC1/main.js?attr=qd6Oq0ahqASBpKJkn7anuXN7kOeROynNbh4UNYZdQokkO0TOBbPnCtpO3TLF3iq4V3ykGNqsqdoxni3ZhFHfMi3JbwRdcpeKgpdj61EgR658M_2mFSmRmeDL6uquzL7vgctAnXekCuoFoVPOe17ohMMeImXOOjf_h-Jmm7AaPaw:372:21

Dynamically enable window occlusion 1
