1723139143637	geckodriver	INFO	Listening on 127.0.0.1:51563
1723139146669	mozrunner::runner	INFO	Running command: "C:\\Program Files\\Mozilla Firefox\\firefox.exe" "--marionette" "--remote-debugging-port" "51564" "--remote-allow-hosts" "localhost" "-no-remote" "-profile" "C:\\Users\\SEVENP~1\\AppData\\Local\\Temp\\rust_mozprofileuJlnd7"
console.warn: services.settings: Ignoring preference override of remote settings server
console.warn: services.settings: Allow by setting MOZ_REMOTE_SETTINGS_DEVTOOLS=1 in the environment
Dynamically enable window occlusion 0
1723139147109	Marionette	INFO	Marionette enabled
1723139147304	Marionette	INFO	Listening on port 51571
WebDriver BiDi listening on ws://127.0.0.1:51564
Read port: 51571
1723139147500	RemoteAgent	WARN	TLS certificate errors will be ignored for this session
DevTools listening on ws://127.0.0.1:51564/devtools/browser/31d08798-0227-4644-9e1b-e4d7f17084c3
JavaScript warning: https://www.amazon.com.br/, line 1989: WEBGL_debug_renderer_info is deprecated in Firefox and will be removed. Please use RENDERER.
JavaScript warning: https://www.amazon.com.br/s?k=Xbox+Series+S&__mk_pt_BR=%C3%85M%C3%85%C5%BD%C3%95%C3%91&ref=nb_sb_noss, line 6733: WEBGL_debug_renderer_info is deprecated in Firefox and will be removed. Please use RENDERER.
1723139158201	Marionette	INFO	Stopped listening on port 51571
JavaScript warning: https://ff.kis.v2.scr.kaspersky-labs.com/FD126C42-EBFA-4E12-B309-BB3FDD723AC1/main.js?attr=qP19bYkTr49AsLgp-G-ycJ8bksslO9jtKSv3XDbkYV5QmcRFz7WHYhpASk9Oic8ekFo15e3gQwbHk50rsQ9mZp8lzNEWgpcAYJhuI5hCQJSZxOfIUOSb62pWn9Crd609_S2DjebWMklFRDeAnMMbS2nMJPJdj613Q6SplYGTNGXMJt7irFF0PZhMo_ZFPuUOGerH7vvZq8ZfvCSWgVupUg, line 2841: Script terminated by timeout at:
CalculateNewProcessedItemsBySelector@https://ff.kis.v2.scr.kaspersky-labs.com/FD126C42-EBFA-4E12-B309-BB3FDD723AC1/main.js?attr=qP19bYkTr49AsLgp-G-ycJ8bksslO9jtKSv3XDbkYV5QmcRFz7WHYhpASk9Oic8ekFo15e3gQwbHk50rsQ9mZp8lzNEWgpcAYJhuI5hCQJSZxOfIUOSb62pWn9Crd609_S2DjebWMklFRDeAnMMbS2nMJPJdj613Q6SplYGTNGXMJt7irFF0PZhMo_ZFPuUOGerH7vvZq8ZfvCSWgVupUg:2841:29
DeferredProcessCssRules@https://ff.kis.v2.scr.kaspersky-labs.com/FD126C42-EBFA-4E12-B309-BB3FDD723AC1/main.js?attr=qP19bYkTr49AsLgp-G-ycJ8bksslO9jtKSv3XDbkYV5QmcRFz7WHYhpASk9Oic8ekFo15e3gQwbHk50rsQ9mZp8lzNEWgpcAYJhuI5hCQJSZxOfIUOSb62pWn9Crd609_S2DjebWMklFRDeAnMMbS2nMJPJdj613Q6SplYGTNGXMJt7irFF0PZhMo_ZFPuUOGerH7vvZq8ZfvCSWgVupUg:2855:36
GetDeferredHandlerImpl@https://ff.kis.v2.scr.kaspersky-labs.com/FD126C42-EBFA-4E12-B309-BB3FDD723AC1/main.js?attr=qP19bYkTr49AsLgp-G-ycJ8bksslO9jtKSv3XDbkYV5QmcRFz7WHYhpASk9Oic8ekFo15e3gQwbHk50rsQ9mZp8lzNEWgpcAYJhuI5hCQJSZxOfIUOSb62pWn9Crd609_S2DjebWMklFRDeAnMMbS2nMJPJdj613Q6SplYGTNGXMJt7irFF0PZhMo_ZFPuUOGerH7vvZq8ZfvCSWgVupUg:2865:79
TimerCallback@https://ff.kis.v2.scr.kaspersky-labs.com/FD126C42-EBFA-4E12-B309-BB3FDD723AC1/main.js?attr=qP19bYkTr49AsLgp-G-ycJ8bksslO9jtKSv3XDbkYV5QmcRFz7WHYhpASk9Oic8ekFo15e3gQwbHk50rsQ9mZp8lzNEWgpcAYJhuI5hCQJSZxOfIUOSb62pWn9Crd609_S2DjebWMklFRDeAnMMbS2nMJPJdj613Q6SplYGTNGXMJt7irFF0PZhMo_ZFPuUOGerH7vvZq8ZfvCSWgVupUg:372:21

Dynamically enable window occlusion 1
