1723138614108	geckodriver	INFO	Listening on 127.0.0.1:51191
1723138617127	mozrunner::runner	INFO	Running command: "C:\\Program Files\\Mozilla Firefox\\firefox.exe" "--marionette" "--remote-debugging-port" "51192" "--remote-allow-hosts" "localhost" "-no-remote" "-profile" "C:\\Users\\SEVENP~1\\AppData\\Local\\Temp\\rust_mozprofileSYnExu"
console.warn: services.settings: Ignoring preference override of remote settings server
console.warn: services.settings: Allow by setting MOZ_REMOTE_SETTINGS_DEVTOOLS=1 in the environment
Dynamically enable window occlusion 0
1723138617620	Marionette	INFO	Marionette enabled
1723138617813	Marionette	INFO	Listening on port 51201
WebDriver BiDi listening on ws://127.0.0.1:51192
Read port: 51201
1723138618019	RemoteAgent	WARN	TLS certificate errors will be ignored for this session
DevTools listening on ws://127.0.0.1:51192/devtools/browser/097fe17e-25df-4ca1-aa93-e79a6430b4a0
1723138647656	addons.xpi	ERROR	System addon update list error SyntaxError: XMLHttpRequest.open: 'http://%(server)s/dummy-system-addons.xml' is not a valid URL.
JavaScript warning: https://www.amazon.com.br/, line 1989: WEBGL_debug_renderer_info is deprecated in Firefox and will be removed. Please use RENDERER.
JavaScript warning: https://www.amazon.com.br/s/ref=nb_sb_noss?__mk_pt_BR=%C3%85M%C3%85%C5%BD%C3%95%C3%91&url=search-alias%3Daps&field-keywords=Xbox+Series+S, line 6606: WEBGL_debug_renderer_info is deprecated in Firefox and will be removed. Please use RENDERER.
1723138660350	Marionette	INFO	Stopped listening on port 51201
JavaScript warning: https://m.media-amazon.com/images/I/61xJcNKKLXL.js?AUIClients/AmazonUIjQuery, line 201: Script terminated by timeout at:
c._Deferred/b.done@https://m.media-amazon.com/images/I/61xJcNKKLXL.js?AUIClients/AmazonUIjQuery:201:221
then@https://m.media-amazon.com/images/I/61xJcNKKLXL.js?AUIClients/AmazonUIjQuery:51:499
ajax/v.statusCode@https://m.media-amazon.com/images/I/61xJcNKKLXL.js?AUIClients/AmazonUIjQuery:169:131
d@https://m.media-amazon.com/images/I/61xJcNKKLXL.js?AUIClients/AmazonUIjQuery:167:168
b@https://m.media-amazon.com/images/I/61xJcNKKLXL.js?AUIClients/AmazonUIjQuery:178:375

Dynamically enable window occlusion 1
console.error: services.settings: 
  Message: NetworkError: Network error: TypeError: NetworkError: Network request failed
  Stack:
    APIError@resource://services-settings/RemoteSettingsClient.sys.mjs:107:1
NetworkError@resource://services-settings/RemoteSettingsClient.sys.mjs:111:5
_adjustedError@resource://services-settings/RemoteSettingsClient.sys.mjs:912:14
maybeSync@resource://services-settings/RemoteSettingsClient.sys.mjs:817:38

console.warn: services.settings: main/doh-config sync interrupted by shutdown
console.warn: services.settings: main/devtools-devices sync interrupted by shutdown
console.warn: services.settings: main/websites-with-shared-credential-backends sync interrupted by shutdown
console.warn: services.settings: main/language-dictionaries sync interrupted by shutdown
console.warn: services.settings: main/password-recipes sync interrupted by shutdown
console.warn: services.settings: main/password-rules sync interrupted by shutdown
console.warn: services.settings: main/addons-manager-settings sync interrupted by shutdown
console.warn: services.settings: main/query-stripping sync interrupted by shutdown
console.warn: services.settings: main/partitioning-exempt-urls sync interrupted by shutdown
console.error: (new AbortError("IndexedDB: main/translations-wasm getLastModified() IndexedDB:  execute() A request was aborted, for example through a call to IDBTransaction.abort.", "resource://services-settings/IDBHelpers.sys.mjs", 16))
